<?xml version="1.0" encoding="UTF-8"?>
<!-- Generated by org.testng.reporters.JUnitReportReporter -->
<testsuite hostname="IN026-LAB-0093" failures="0" tests="5" name="Classes.LoginTestNG" time="34.799" errors="0" timestamp="2023-10-09T19:43:04 IST" skipped="0">
  <testcase classname="Classes.LoginTestNG" name="LaunchButton" time="20.258"/>
  <testcase classname="Classes.LoginTestNG" name="HomeLaunch" time="3.696"/>
  <testcase classname="Classes.LoginTestNG" name="MainLaunchButton" time="7.320"/>
  <testcase classname="Classes.LoginTestNG" name="subTrailLaunch" time="0.112"/>
  <testcase classname="Classes.LoginTestNG" name="MovieLaunch" time="3.413"/>
</testsuite> <!-- Classes.LoginTestNG -->
